<?xml version="1.0" encoding="UTF-8"?>
<!-- Generated by org.testng.reporters.JUnitXMLReporter -->
<testsuite ignored="1" hostname="LAPTOP-PFDOKATC" failures="0" tests="1" name="Default test" time="19.827" errors="0" timestamp="2025-04-04T20:46:23 IST">
  <testcase classname="CampaignTest.CreateCampaign" name="createCampaignWithDateTest" time="13.421"/>
  <testcase classname="CampaignTest.CreateCampaign" name="createCampaignTest" time="0.0">
    <ignored/>
  </testcase> <!-- createCampaignTest -->
</testsuite> <!-- Default test -->
