<?xml version="1.0" encoding="UTF-8"?>
<testng-results ignored="0" total="5" passed="5" failed="0" skipped="0">
  <reporter-output>
    <line>
      <![CDATA[Campaign QSP_3277 added successfully]]>
    </line>
    <line>
      <![CDATA[Campaign QSP_208 added successfully]]>
    </line>
    <line>
      <![CDATA[Product iPhone_3864 added successfully]]>
    </line>
    <line>
      <![CDATA[Validation is successful]]>
    </line>
    <line>
      <![CDATA[Contact Test_130 added successfully]]>
    </line>
  </reporter-output>
  <suite started-at="2025-04-04T21:03:10 IST" name="Suite" finished-at="2025-04-04T21:04:26 IST" duration-ms="76314">
    <groups>
    </groups>
    <test started-at="2025-04-04T21:03:10 IST" name="Test" finished-at="2025-04-04T21:04:26 IST" duration-ms="76314">
      <class name="ProductTest.createProductTest">
        <test-method is-config="true" signature="beforeClass()[pri:0, instance:ProductTest.createProductTest@2aceadd4]" started-at="2025-04-04T21:03:44 IST" name="beforeClass" finished-at="2025-04-04T21:03:45 IST" duration-ms="1305" status="PASS">
          <reporter-output>
          </reporter-output>
        </test-method> <!-- beforeClass -->
        <test-method is-config="true" signature="beforeMethod()[pri:0, instance:ProductTest.createProductTest@2aceadd4]" started-at="2025-04-04T21:03:45 IST" name="beforeMethod" finished-at="2025-04-04T21:03:48 IST" duration-ms="2762" status="PASS">
          <reporter-output>
          </reporter-output>
        </test-method> <!-- beforeMethod -->
        <test-method signature="addProductTest()[pri:0, instance:ProductTest.createProductTest@2aceadd4]" started-at="2025-04-04T21:03:48 IST" name="addProductTest" finished-at="2025-04-04T21:03:58 IST" duration-ms="10032" status="PASS">
          <reporter-output>
            <line>
              <![CDATA[Product iPhone_3864 added successfully]]>
            </line>
          </reporter-output>
        </test-method> <!-- addProductTest -->
        <test-method is-config="true" signature="afterMethod()[pri:0, instance:ProductTest.createProductTest@2aceadd4]" started-at="2025-04-04T21:03:58 IST" name="afterMethod" finished-at="2025-04-04T21:03:58 IST" duration-ms="62" status="PASS">
          <reporter-output>
          </reporter-output>
        </test-method> <!-- afterMethod -->
        <test-method is-config="true" signature="afterClass()[pri:0, instance:ProductTest.createProductTest@2aceadd4]" started-at="2025-04-04T21:03:58 IST" name="afterClass" finished-at="2025-04-04T21:03:58 IST" duration-ms="264" status="PASS">
          <reporter-output>
          </reporter-output>
        </test-method> <!-- afterClass -->
      </class> <!-- ProductTest.createProductTest -->
      <class name="Login.LoginTest">
        <test-method is-config="true" signature="beforeClass()[pri:0, instance:Login.LoginTest@24aed80c]" started-at="2025-04-04T21:03:58 IST" name="beforeClass" finished-at="2025-04-04T21:03:59 IST" duration-ms="1092" status="PASS">
          <reporter-output>
          </reporter-output>
        </test-method> <!-- beforeClass -->
        <test-method is-config="true" signature="beforeMethod()[pri:0, instance:Login.LoginTest@24aed80c]" started-at="2025-04-04T21:03:59 IST" name="beforeMethod" finished-at="2025-04-04T21:04:01 IST" duration-ms="2041" status="PASS">
          <reporter-output>
          </reporter-output>
        </test-method> <!-- beforeMethod -->
        <test-method signature="loginTest()[pri:0, instance:Login.LoginTest@24aed80c]" started-at="2025-04-04T21:04:01 IST" name="loginTest" finished-at="2025-04-04T21:04:03 IST" duration-ms="2055" status="PASS">
          <reporter-output>
            <line>
              <![CDATA[Validation is successful]]>
            </line>
          </reporter-output>
        </test-method> <!-- loginTest -->
        <test-method is-config="true" signature="afterMethod()[pri:0, instance:Login.LoginTest@24aed80c]" started-at="2025-04-04T21:04:03 IST" name="afterMethod" finished-at="2025-04-04T21:04:03 IST" duration-ms="64" status="PASS">
          <reporter-output>
          </reporter-output>
        </test-method> <!-- afterMethod -->
        <test-method is-config="true" signature="afterClass()[pri:0, instance:Login.LoginTest@24aed80c]" started-at="2025-04-04T21:04:03 IST" name="afterClass" finished-at="2025-04-04T21:04:04 IST" duration-ms="238" status="PASS">
          <reporter-output>
          </reporter-output>
        </test-method> <!-- afterClass -->
      </class> <!-- Login.LoginTest -->
      <class name="CampaignTest.CreateCampaignTest">
        <test-method is-config="true" signature="beforeSuite()[pri:0, instance:CampaignTest.CreateCampaignTest@55fe41ea]" started-at="2025-04-04T21:03:09 IST" name="beforeSuite" finished-at="2025-04-04T21:03:10 IST" duration-ms="472" status="PASS">
          <reporter-output>
          </reporter-output>
        </test-method> <!-- beforeSuite -->
        <test-method is-config="true" signature="beforeTest()[pri:0, instance:CampaignTest.CreateCampaignTest@55fe41ea]" started-at="2025-04-04T21:03:10 IST" name="beforeTest" finished-at="2025-04-04T21:03:10 IST" duration-ms="2" status="PASS">
          <reporter-output>
          </reporter-output>
        </test-method> <!-- beforeTest -->
        <test-method is-config="true" signature="beforeClass()[pri:0, instance:CampaignTest.CreateCampaignTest@55fe41ea]" started-at="2025-04-04T21:03:10 IST" name="beforeClass" finished-at="2025-04-04T21:03:11 IST" duration-ms="1517" status="PASS">
          <reporter-output>
          </reporter-output>
        </test-method> <!-- beforeClass -->
        <test-method is-config="true" signature="beforeMethod()[pri:0, instance:CampaignTest.CreateCampaignTest@55fe41ea]" started-at="2025-04-04T21:03:11 IST" name="beforeMethod" finished-at="2025-04-04T21:03:15 IST" duration-ms="3428" status="PASS">
          <reporter-output>
          </reporter-output>
        </test-method> <!-- beforeMethod -->
        <test-method signature="createCampaignTest()[pri:0, instance:CampaignTest.CreateCampaignTest@55fe41ea]" started-at="2025-04-04T21:03:15 IST" name="createCampaignTest" finished-at="2025-04-04T21:03:28 IST" duration-ms="13211" status="PASS">
          <reporter-output>
            <line>
              <![CDATA[Campaign QSP_3277 added successfully]]>
            </line>
          </reporter-output>
        </test-method> <!-- createCampaignTest -->
        <test-method is-config="true" signature="afterMethod()[pri:0, instance:CampaignTest.CreateCampaignTest@55fe41ea]" started-at="2025-04-04T21:03:28 IST" name="afterMethod" finished-at="2025-04-04T21:03:28 IST" duration-ms="115" status="PASS">
          <reporter-output>
          </reporter-output>
        </test-method> <!-- afterMethod -->
        <test-method is-config="true" signature="beforeMethod()[pri:0, instance:CampaignTest.CreateCampaignTest@55fe41ea]" started-at="2025-04-04T21:03:28 IST" name="beforeMethod" finished-at="2025-04-04T21:03:31 IST" duration-ms="2282" status="PASS">
          <reporter-output>
          </reporter-output>
        </test-method> <!-- beforeMethod -->
        <test-method signature="createCampaignWithDateTest()[pri:0, instance:CampaignTest.CreateCampaignTest@55fe41ea]" started-at="2025-04-04T21:03:31 IST" name="createCampaignWithDateTest" finished-at="2025-04-04T21:03:43 IST" duration-ms="12724" status="PASS">
          <reporter-output>
            <line>
              <![CDATA[Campaign QSP_208 added successfully]]>
            </line>
          </reporter-output>
        </test-method> <!-- createCampaignWithDateTest -->
        <test-method is-config="true" signature="afterMethod()[pri:0, instance:CampaignTest.CreateCampaignTest@55fe41ea]" started-at="2025-04-04T21:03:43 IST" name="afterMethod" finished-at="2025-04-04T21:03:43 IST" duration-ms="80" status="PASS">
          <reporter-output>
          </reporter-output>
        </test-method> <!-- afterMethod -->
        <test-method is-config="true" signature="afterClass()[pri:0, instance:CampaignTest.CreateCampaignTest@55fe41ea]" started-at="2025-04-04T21:03:43 IST" name="afterClass" finished-at="2025-04-04T21:03:44 IST" duration-ms="319" status="PASS">
          <reporter-output>
          </reporter-output>
        </test-method> <!-- afterClass -->
        <test-method is-config="true" signature="afterTest()[pri:0, instance:CampaignTest.CreateCampaignTest@55fe41ea]" started-at="2025-04-04T21:04:26 IST" name="afterTest" finished-at="2025-04-04T21:04:26 IST" duration-ms="1" status="PASS">
          <reporter-output>
          </reporter-output>
        </test-method> <!-- afterTest -->
        <test-method is-config="true" signature="afterSuite()[pri:0, instance:CampaignTest.CreateCampaignTest@55fe41ea]" started-at="2025-04-04T21:04:27 IST" name="afterSuite" finished-at="2025-04-04T21:04:27 IST" duration-ms="1" status="PASS">
          <reporter-output>
          </reporter-output>
        </test-method> <!-- afterSuite -->
      </class> <!-- CampaignTest.CreateCampaignTest -->
      <class name="ContactTest.createContactTest">
        <test-method is-config="true" signature="beforeClass()[pri:0, instance:ContactTest.createContactTest@3a52dba3]" started-at="2025-04-04T21:04:04 IST" name="beforeClass" finished-at="2025-04-04T21:04:05 IST" duration-ms="1135" status="PASS">
          <reporter-output>
          </reporter-output>
        </test-method> <!-- beforeClass -->
        <test-method is-config="true" signature="beforeMethod()[pri:0, instance:ContactTest.createContactTest@3a52dba3]" started-at="2025-04-04T21:04:05 IST" name="beforeMethod" finished-at="2025-04-04T21:04:09 IST" duration-ms="4033" status="PASS">
          <reporter-output>
          </reporter-output>
        </test-method> <!-- beforeMethod -->
        <test-method signature="createContactWithCampaignTest()[pri:0, instance:ContactTest.createContactTest@3a52dba3]" started-at="2025-04-04T21:04:09 IST" name="createContactWithCampaignTest" finished-at="2025-04-04T21:04:26 IST" duration-ms="17133" status="PASS">
          <reporter-output>
            <line>
              <![CDATA[Contact Test_130 added successfully]]>
            </line>
          </reporter-output>
        </test-method> <!-- createContactWithCampaignTest -->
        <test-method is-config="true" signature="afterMethod()[pri:0, instance:ContactTest.createContactTest@3a52dba3]" started-at="2025-04-04T21:04:26 IST" name="afterMethod" finished-at="2025-04-04T21:04:26 IST" duration-ms="67" status="PASS">
          <reporter-output>
          </reporter-output>
        </test-method> <!-- afterMethod -->
        <test-method is-config="true" signature="afterClass()[pri:0, instance:ContactTest.createContactTest@3a52dba3]" started-at="2025-04-04T21:04:26 IST" name="afterClass" finished-at="2025-04-04T21:04:26 IST" duration-ms="289" status="PASS">
          <reporter-output>
          </reporter-output>
        </test-method> <!-- afterClass -->
      </class> <!-- ContactTest.createContactTest -->
    </test> <!-- Test -->
  </suite> <!-- Suite -->
</testng-results>
