<?xml version="1.0" encoding="UTF-8"?>
<!-- Generated by org.testng.reporters.JUnitXMLReporter -->
<testsuite ignored="0" hostname="LAPTOP-PFDOKATC" failures="0" tests="5" name="Test_firefox" time="123.327" errors="0" timestamp="2025-03-21T20:35:29 IST">
  <testcase classname="CampaignTest.CreateCampaign" name="createCampaignTest" time="28.839"/>
  <testcase classname="CampaignTest.CreateCampaign" name="createCampaignWithDateTest" time="22.509"/>
  <testcase classname="ProductTest.createProduct" name="createProductTest" time="21.18"/>
  <testcase classname="Login.LoginTest" name="loginTest" time="20.726"/>
  <testcase classname="ContactTest.createContact" name="createContactWithCampaignTest" time="29.978"/>
</testsuite> <!-- Test_firefox -->
