<?xml version="1.0" encoding="UTF-8"?>
<!-- Generated by org.testng.reporters.JUnitXMLReporter -->
<testsuite ignored="0" hostname="LAPTOP-PFDOKATC" failures="0" tests="3" name="Test1" time="65.236" errors="0" timestamp="2025-03-20T20:50:49 IST">
  <testcase classname="CampaignTest.CreateCampaign" name="createCampaignTest" time="26.011"/>
  <testcase classname="CampaignTest.CreateCampaign" name="createCampaignWithDateTest" time="22.668"/>
  <testcase classname="ProductTest.createProduct" name="createProductTest" time="16.504"/>
</testsuite> <!-- Test1 -->
