<?xml version="1.0" encoding="UTF-8"?>
<!-- Generated by org.testng.reporters.JUnitXMLReporter -->
<testsuite ignored="0" hostname="LAPTOP-PFDOKATC" failures="0" tests="5" name="Test_chrome" time="130.971" errors="0" timestamp="2025-03-21T20:35:37 IST">
  <testcase classname="CampaignTest.CreateCampaign" name="createCampaignTest" time="26.853"/>
  <testcase classname="CampaignTest.CreateCampaign" name="createCampaignWithDateTest" time="20.779"/>
  <testcase classname="ProductTest.createProduct" name="createProductTest" time="27.012"/>
  <testcase classname="Login.LoginTest" name="loginTest" time="17.215"/>
  <testcase classname="ContactTest.createContact" name="createContactWithCampaignTest" time="39.012"/>
</testsuite> <!-- Test_chrome -->
